{
  "stats": {
    "suites": 2,
    "tests": 8,
    "passes": 8,
    "pending": 0,
    "failures": 0,
    "testsRegistered": 8,
    "passPercent": 100,
    "pendingPercent": 0,
    "other": 0,
    "hasOther": false,
    "skipped": 0,
    "hasSkipped": false,
    "start": "2024-07-25T12:10:34.969Z",
    "end": "2024-07-25T12:11:03.837Z",
    "duration": 28868
  },
  "results": [
    {
      "uuid": "e8e295a0-23e8-4a10-9196-6e6f1a761dfd",
      "title": "",
      "fullFile": "cypress/e2e/examples/actions.cy.ts",
      "file": "cypress/e2e/examples/actions.cy.ts",
      "beforeHooks": [],
      "afterHooks": [],
      "tests": [],
      "suites": [
        {
          "uuid": "63a7af07-4835-459b-9f81-a93a9184a422",
          "title": "Actions",
          "fullFile": "",
          "file": "",
          "beforeHooks": [],
          "afterHooks": [],
          "tests": [
            {
              "title": "check",
              "fullTitle": "Actions check",
              "timedOut": null,
              "duration": 2528,
              "state": "passed",
              "speed": "fast",
              "pass": true,
              "fail": false,
              "pending": false,
              "context": null,
              "code": "//cy.selectExample(\"check\");\n// cy.get('a[href*=\"commands/actions\"]')\n//   .invoke(\"removeAttr\", \"target\")\n//   .click({ force: true });\ncy.get('.action-multiple-checkboxes [type=\"checkbox\"]').check([\n    \"checkbox1\",\n    \"checkbox2\",\n]);\ncy.get('.action-multiple-checkboxes [type=\"checkbox\"]').should(\"be.checked\");",
              "err": {},
              "uuid": "4a94a141-ad9f-451a-8371-961696e9ffe8",
              "parentUUID": "63a7af07-4835-459b-9f81-a93a9184a422",
              "isHook": false,
              "skipped": false
            },
            {
              "title": "radio",
              "fullTitle": "Actions radio",
              "timedOut": null,
              "duration": 550,
              "state": "passed",
              "speed": "fast",
              "pass": true,
              "fail": false,
              "pending": false,
              "context": null,
              "code": "cy.get(\".action-checkboxes [disabled]\").as(\"radio\");\ncy.get(\"@radio\").check({ force: true });\ncy.get(\"@radio\").should(\"be.checked\");",
              "err": {},
              "uuid": "731e87c3-452b-4f0b-8fe8-d3c7be6fe824",
              "parentUUID": "63a7af07-4835-459b-9f81-a93a9184a422",
              "isHook": false,
              "skipped": false
            },
            {
              "title": "Select",
              "fullTitle": "Actions Select",
              "timedOut": null,
              "duration": 840,
              "state": "passed",
              "speed": "fast",
              "pass": true,
              "fail": false,
              "pending": false,
              "context": null,
              "code": "cy.get(\".action-select\").as(\"select\");\ncy.get(\"@select\").select(\"fr-oranges\");\ncy.get(\"@select\").should(\"have.value\", \"fr-oranges\");\ncy.get(\".action-select-multiple\").as(\"selectMulti\");\ncy.get(\"@selectMulti\").select([\"apples\", \"oranges\", \"bananas\"]);\ncy.get(\"@selectMulti\")\n    .invoke(\"val\")\n    .should(\"deep.equal\", [\"fr-apples\", \"fr-oranges\", \"fr-bananas\"]);\ncy.get(\"@selectMulti\").invoke(\"val\").should(\"include\", \"fr-apples\");",
              "err": {},
              "uuid": "98717e63-dc5b-48b4-b1bf-877f91c417ad",
              "parentUUID": "63a7af07-4835-459b-9f81-a93a9184a422",
              "isHook": false,
              "skipped": false
            },
            {
              "title": "Trigger",
              "fullTitle": "Actions Trigger",
              "timedOut": null,
              "duration": 523,
              "state": "passed",
              "speed": "fast",
              "pass": true,
              "fail": false,
              "pending": false,
              "context": null,
              "code": "cy.get(\".trigger-input-range\").as(\"range\");\ncy.get(\"@range\").invoke(\"val\", 25);\ncy.get(\"@range\").trigger(\"change\");\ncy.get(\"@range\")\n    .get('input[type=\"range\"')\n    .siblings(\"p\")\n    .should(\"have.text\", \"25\");",
              "err": {},
              "uuid": "c2410867-54d5-40d8-91f8-4964d4e806cd",
              "parentUUID": "63a7af07-4835-459b-9f81-a93a9184a422",
              "isHook": false,
              "skipped": false
            }
          ],
          "suites": [],
          "passes": [
            "4a94a141-ad9f-451a-8371-961696e9ffe8",
            "731e87c3-452b-4f0b-8fe8-d3c7be6fe824",
            "98717e63-dc5b-48b4-b1bf-877f91c417ad",
            "c2410867-54d5-40d8-91f8-4964d4e806cd"
          ],
          "failures": [],
          "pending": [],
          "skipped": [],
          "duration": 4441,
          "root": false,
          "rootEmpty": false,
          "_timeout": 2000
        },
        {
          "uuid": "b17b2643-b478-4d91-a0d7-90df7075e7bc",
          "title": "Actions with host",
          "fullFile": "",
          "file": "",
          "beforeHooks": [],
          "afterHooks": [],
          "tests": [
            {
              "title": "AutoComplete",
              "fullTitle": "Actions with host AutoComplete",
              "timedOut": null,
              "duration": 8377,
              "state": "passed",
              "speed": "medium",
              "pass": true,
              "fail": false,
              "pending": false,
              "context": null,
              "code": "cy.wait(3000);\ncy.get(\"#autocomplete-textfield\")\n    .invoke(\"removeAttr\", \"target\")\n    .click({ force: true });\ncy.get(\"#myInput\").type(\"A\");\nvar expectedText = \"Avacado\";\ncy.get(\"#myInputautocomplete-list > *\").each(function ($el, index, $list) {\n    if ($el.text() === expectedText) {\n        $el.trigger(\"click\");\n        cy.get(\"#submit-button\").click();\n        cy.url().should(\"include\", expectedText);\n    }\n    // debugger;\n});\ncy.screenshot(\"Screenshot from autoComplete\");",
              "err": {},
              "uuid": "c01074a0-8bfa-4e98-90fa-321e5db4dab3",
              "parentUUID": "b17b2643-b478-4d91-a0d7-90df7075e7bc",
              "isHook": false,
              "skipped": false
            }
          ],
          "suites": [],
          "passes": [
            "c01074a0-8bfa-4e98-90fa-321e5db4dab3"
          ],
          "failures": [],
          "pending": [],
          "skipped": [],
          "duration": 8377,
          "root": false,
          "rootEmpty": false,
          "_timeout": 2000
        }
      ],
      "passes": [],
      "failures": [],
      "pending": [],
      "skipped": [],
      "duration": 0,
      "root": true,
      "rootEmpty": true,
      "_timeout": 2000
    },
    {
      "uuid": "47224bf1-dcc3-4be4-a225-01b4a07819c3",
      "title": "",
      "fullFile": "cypress/e2e/examples/alerts.cy.ts",
      "file": "cypress/e2e/examples/alerts.cy.ts",
      "beforeHooks": [],
      "afterHooks": [],
      "tests": [],
      "suites": [
        {
          "uuid": "ca255dac-49c6-4b66-9be1-81f1a775d2d9",
          "title": "Alerts",
          "fullFile": "",
          "file": "",
          "beforeHooks": [],
          "afterHooks": [],
          "tests": [
            {
              "title": "Handling alerts",
              "fullTitle": "Alerts Handling alerts",
              "timedOut": null,
              "duration": 3925,
              "state": "passed",
              "speed": "fast",
              "pass": true,
              "fail": false,
              "pending": false,
              "context": null,
              "code": "cy.get(\"#popup-alerts\")\n    .invoke(\"removeAttr\", \"target\")\n    .click({ force: true });\ncy.get(\"#button1\").click();\ncy.on(\"window:alert\", function (str) {\n    expect(str).to.equal(\"I am an alert box!\");\n});",
              "err": {},
              "uuid": "9d3f9856-72a4-4435-adb2-b69eba4c8aa7",
              "parentUUID": "ca255dac-49c6-4b66-9be1-81f1a775d2d9",
              "isHook": false,
              "skipped": false
            },
            {
              "title": "Handling confirm",
              "fullTitle": "Alerts Handling confirm",
              "timedOut": null,
              "duration": 1109,
              "state": "passed",
              "speed": "fast",
              "pass": true,
              "fail": false,
              "pending": false,
              "context": null,
              "code": "cy.get(\"#popup-alerts\")\n    .invoke(\"removeAttr\", \"target\")\n    .click({ force: true });\ncy.get(\"#button4\").click();\ncy.on(\"window:confirm\", function (str) {\n    // expect(str).to.equal(\"I am an alert box!\");\n    return false;\n});\ncy.get(\"#confirm-alert-text\").contains(\"You pressed Cancel!\");",
              "err": {},
              "uuid": "9f3845fe-4ec5-442f-8037-f3aae6a618ff",
              "parentUUID": "ca255dac-49c6-4b66-9be1-81f1a775d2d9",
              "isHook": false,
              "skipped": false
            },
            {
              "title": "Handling confirm via stubs",
              "fullTitle": "Alerts Handling confirm via stubs",
              "timedOut": null,
              "duration": 1015,
              "state": "passed",
              "speed": "fast",
              "pass": true,
              "fail": false,
              "pending": false,
              "context": null,
              "code": "cy.get(\"#popup-alerts\")\n    .invoke(\"removeAttr\", \"target\")\n    .click({ force: true });\nvar stub = cy.stub();\ncy.on(\"window:confirm\", stub);\ncy.get(\"#button4\")\n    .click()\n    .then(function () {\n    expect(stub.getCall(0)).to.be.calledWith(\"Press a button!\");\n})\n    .then(function () {\n    return true;\n});",
              "err": {},
              "uuid": "eb10fcab-4ff6-4524-a499-9dddfb8d8bef",
              "parentUUID": "ca255dac-49c6-4b66-9be1-81f1a775d2d9",
              "isHook": false,
              "skipped": false
            }
          ],
          "suites": [],
          "passes": [
            "9d3f9856-72a4-4435-adb2-b69eba4c8aa7",
            "9f3845fe-4ec5-442f-8037-f3aae6a618ff",
            "eb10fcab-4ff6-4524-a499-9dddfb8d8bef"
          ],
          "failures": [],
          "pending": [],
          "skipped": [],
          "duration": 6049,
          "root": false,
          "rootEmpty": false,
          "_timeout": 2000
        }
      ],
      "passes": [],
      "failures": [],
      "pending": [],
      "skipped": [],
      "duration": 0,
      "root": true,
      "rootEmpty": true,
      "_timeout": 2000
    }
  ],
  "meta": {
    "mocha": {
      "version": "7.0.1"
    },
    "mochawesome": {
      "options": {
        "quiet": false,
        "reportFilename": "mochawesome",
        "saveHtml": false,
        "saveJson": true,
        "consoleReporter": "spec",
        "useInlineDiffs": false,
        "code": true
      },
      "version": "7.1.3"
    },
    "marge": {
      "options": {
        "reportDir": "cypress/results",
        "overwrite": false,
        "html": false,
        "json": true
      },
      "version": "6.2.0"
    }
  }
}